<?xml version="1.0" encoding="UTF-8"?>
<!-- Generated by org.testng.reporters.JUnitXMLReporter -->
<testsuite hostname="DESKTOP-VGET4HH" name="Test" tests="2" failures="1" timestamp="9 Dec 2020 07:34:15 GMT" time="31.389" errors="0">
  <testcase name="feature" time="0.0" classname="RunnerPack.elearnRun">
    <skipped/>
  </testcase> <!-- feature -->
  <testcase name="scenario" time="30.734" classname="RunnerPack.elearnRun">
    <failure type="cucumber.runtime.CucumberException" message="java.lang.NoSuchMethodError: org.openqa.selenium.support.ui.WebDriverWait.until(Ljava/util/function/Function;)Ljava/lang/Object;">
      <![CDATA[cucumber.runtime.CucumberException: java.lang.NoSuchMethodError: org.openqa.selenium.support.ui.WebDriverWait.until(Ljava/util/function/Function;)Ljava/lang/Object;
	at cucumber.api.testng.TestNGCucumberRunner.runCucumber(TestNGCucumberRunner.java:69)
	at RunnerPack.elearnRun.scenario(elearnRun.java:24)
Caused by: java.lang.NoSuchMethodError: org.openqa.selenium.support.ui.WebDriverWait.until(Ljava/util/function/Function;)Ljava/lang/Object;
	at pageObjects.RegisteredVerify.clickHome(RegisteredVerify.java:60)
	at stepDef.elearnStep.click_on_homePage(elearnStep.java:75)
	at âœ½.Given Click on homePage(elearn.feature:17)
... Removed 24 stack frames]]>
    </failure>
  </testcase> <!-- scenario -->
</testsuite> <!-- Test -->
